<?xml version="1.0" encoding="UTF-8"?>
<testsuite time="8.229" failures="0" tests="1" name="tests" >
  <testcase time="8.229" classname="tests" name="jpetstore.ta" />
</testsuite>